<?xml version="1.0" encoding="UTF-8"?>
<!-- Generated by org.testng.reporters.JUnitReportReporter -->
<testsuite hostname="DESKTOP-K54VKPM" failures="0" tests="2" name="test_cases.SortBooksTest" time="-1687503744.000" errors="1" timestamp="2023-06-23T12:32:08 IST" skipped="1">
  <testcase classname="test_cases.SortBooksTest" name="browserSetUp" time="-1687503744.000">
    <error message="
Parameter &#039;browser&#039; is required by BeforeClass on method browserSetUp but has not been marked @Optional or defined
in C:\Users\Nandankumar M S\git\DemoWebShop_Selenium\com.learningMaven\Functionality_Tests.xml" type="org.testng.TestNGException">
      <![CDATA[org.testng.TestNGException: 
Parameter 'browser' is required by BeforeClass on method browserSetUp but has not been marked @Optional or defined
in C:\Users\Nandankumar M S\git\DemoWebShop_Selenium\com.learningMaven\Functionality_Tests.xml
at org.testng.internal.Parameters.createParams(Parameters.java:270)
at org.testng.internal.Parameters.createParametersForMethod(Parameters.java:358)
at org.testng.internal.Parameters.createParameters(Parameters.java:700)
at org.testng.internal.Parameters.createConfigurationParameters(Parameters.java:168)
at org.testng.internal.ConfigInvoker.invokeConfigurations(ConfigInvoker.java:302)
at org.testng.internal.TestMethodWorker.invokeBeforeClassMethods(TestMethodWorker.java:176)
at org.testng.internal.TestMethodWorker.run(TestMethodWorker.java:122)
at java.base/java.util.concurrent.ThreadPoolExecutor.runWorker(ThreadPoolExecutor.java:1136)
at java.base/java.util.concurrent.ThreadPoolExecutor$Worker.run(ThreadPoolExecutor.java:635)
at java.base/java.lang.Thread.run(Thread.java:833)
]]>
    </error>
  </testcase> <!-- browserSetUp -->
  <system-out/>
  <testcase classname="test_cases.SortBooksTest" name="sortBooksTestCase" time="0.000">
    <skipped/>
  </testcase> <!-- sortBooksTestCase -->
  <system-out/>
</testsuite> <!-- test_cases.SortBooksTest -->
